yarn run v1.22.17
$ export NODE_ENV=develop && nest start --watch
c[[90m9:10:50 AM[0m] Starting compilation in watch mode...

[[90m9:10:59 AM[0m] Found 0 errors. Watching for file changes.

[32m[Nest] 225935   - [39m01/11/2022, 9:11:00 AM   [38;5;3m[NestFactory] [39m[32mStarting Nest application...[39m
[32m[Nest] 225935   - [39m01/11/2022, 9:11:01 AM   [38;5;3m[InstanceLoader] [39m[32mTypeOrmModule dependencies initialized[39m[38;5;3m +83ms[39m
[32m[Nest] 225935   - [39m01/11/2022, 9:11:01 AM   [38;5;3m[InstanceLoader] [39m[32mPassportModule dependencies initialized[39m[38;5;3m +1ms[39m
[32m[Nest] 225935   - [39m01/11/2022, 9:11:01 AM   [38;5;3m[InstanceLoader] [39m[32mConfigHostModule dependencies initialized[39m[38;5;3m +1ms[39m
[32m[Nest] 225935   - [39m01/11/2022, 9:11:01 AM   [38;5;3m[InstanceLoader] [39m[32mConfigModule dependencies initialized[39m[38;5;3m +1ms[39m
[32m[Nest] 225935   - [39m01/11/2022, 9:11:01 AM   [38;5;3m[InstanceLoader] [39m[32mConfigModule dependencies initialized[39m[38;5;3m +0ms[39m
[32m[Nest] 225935   - [39m01/11/2022, 9:11:01 AM   [38;5;3m[InstanceLoader] [39m[32mJwtModule dependencies initialized[39m[38;5;3m +66ms[39m
query: SELECT * FROM `INFORMATION_SCHEMA`.`COLUMNS` WHERE `TABLE_SCHEMA` = 'favi_test' AND `TABLE_NAME` = 'migrations'
query: SELECT * FROM `INFORMATION_SCHEMA`.`COLUMNS` WHERE `TABLE_SCHEMA` = 'favi_test' AND `TABLE_NAME` = 'typeorm_metadata'
query: SELECT * FROM `favi_test`.`migrations` `migrations` ORDER BY `id` DESC
[32m[Nest] 225935   - [39m01/11/2022, 9:11:01 AM   [38;5;3m[InstanceLoader] [39m[32mTypeOrmCoreModule dependencies initialized[39m[38;5;3m +195ms[39m
[32m[Nest] 225935   - [39m01/11/2022, 9:11:01 AM   [38;5;3m[InstanceLoader] [39m[32mTypeOrmModule dependencies initialized[39m[38;5;3m +2ms[39m
[32m[Nest] 225935   - [39m01/11/2022, 9:11:01 AM   [38;5;3m[InstanceLoader] [39m[32mTypeOrmModule dependencies initialized[39m[38;5;3m +1ms[39m
[32m[Nest] 225935   - [39m01/11/2022, 9:11:01 AM   [38;5;3m[InstanceLoader] [39m[32mTypeOrmModule dependencies initialized[39m[38;5;3m +1ms[39m
[32m[Nest] 225935   - [39m01/11/2022, 9:11:01 AM   [38;5;3m[InstanceLoader] [39m[32mTypeOrmModule dependencies initialized[39m[38;5;3m +0ms[39m
[32m[Nest] 225935   - [39m01/11/2022, 9:11:01 AM   [38;5;3m[InstanceLoader] [39m[32mTypeOrmModule dependencies initialized[39m[38;5;3m +1ms[39m
[32m[Nest] 225935   - [39m01/11/2022, 9:11:01 AM   [38;5;3m[InstanceLoader] [39m[32mNoticeModule dependencies initialized[39m[38;5;3m +7ms[39m
[32m[Nest] 225935   - [39m01/11/2022, 9:11:01 AM   [38;5;3m[InstanceLoader] [39m[32mSearchModule dependencies initialized[39m[38;5;3m +2ms[39m
[32m[Nest] 225935   - [39m01/11/2022, 9:11:01 AM   [38;5;3m[InstanceLoader] [39m[32mHelpModule dependencies initialized[39m[38;5;3m +3ms[39m
[32m[Nest] 225935   - [39m01/11/2022, 9:11:01 AM   [38;5;3m[InstanceLoader] [39m[32mMusicModule dependencies initialized[39m[38;5;3m +1ms[39m
[32m[Nest] 225935   - [39m01/11/2022, 9:11:01 AM   [38;5;3m[InstanceLoader] [39m[32mBeatModule dependencies initialized[39m[38;5;3m +1ms[39m
[32m[Nest] 225935   - [39m01/11/2022, 9:11:01 AM   [38;5;3m[InstanceLoader] [39m[32mUserModule dependencies initialized[39m[38;5;3m +3ms[39m
[32m[Nest] 225935   - [39m01/11/2022, 9:11:01 AM   [38;5;3m[InstanceLoader] [39m[32mAppModule dependencies initialized[39m[38;5;3m +1ms[39m
[32m[Nest] 225935   - [39m01/11/2022, 9:11:01 AM   [38;5;3m[InstanceLoader] [39m[32mAuthModule dependencies initialized[39m[38;5;3m +0ms[39m
[32m[Nest] 225935   - [39m01/11/2022, 9:11:01 AM   [38;5;3m[RoutesResolver] [39m[32mSearchController {/search}:[39m[38;5;3m +508ms[39m
[32m[Nest] 225935   - [39m01/11/2022, 9:11:01 AM   [38;5;3m[RouterExplorer] [39m[32mMapped {/search/music/tag, GET} route[39m[38;5;3m +4ms[39m
[32m[Nest] 225935   - [39m01/11/2022, 9:11:01 AM   [38;5;3m[RouterExplorer] [39m[32mMapped {/search/beat/tag, GET} route[39m[38;5;3m +2ms[39m
[32m[Nest] 225935   - [39m01/11/2022, 9:11:01 AM   [38;5;3m[RouterExplorer] [39m[32mMapped {/search, GET} route[39m[38;5;3m +2ms[39m
[32m[Nest] 225935   - [39m01/11/2022, 9:11:01 AM   [38;5;3m[RoutesResolver] [39m[32mHelpController {/help}:[39m[38;5;3m +0ms[39m
[32m[Nest] 225935   - [39m01/11/2022, 9:11:01 AM   [38;5;3m[RouterExplorer] [39m[32mMapped {/help, GET} route[39m[38;5;3m +2ms[39m
[32m[Nest] 225935   - [39m01/11/2022, 9:11:01 AM   [38;5;3m[RouterExplorer] [39m[32mMapped {/help, POST} route[39m[38;5;3m +0ms[39m
[32m[Nest] 225935   - [39m01/11/2022, 9:11:01 AM   [38;5;3m[RoutesResolver] [39m[32mNoticeController {/notice}:[39m[38;5;3m +1ms[39m
[32m[Nest] 225935   - [39m01/11/2022, 9:11:01 AM   [38;5;3m[RouterExplorer] [39m[32mMapped {/notice, GET} route[39m[38;5;3m +3ms[39m
[32m[Nest] 225935   - [39m01/11/2022, 9:11:01 AM   [38;5;3m[RouterExplorer] [39m[32mMapped {/notice, POST} route[39m[38;5;3m +1ms[39m
[32m[Nest] 225935   - [39m01/11/2022, 9:11:01 AM   [38;5;3m[RoutesResolver] [39m[32mUserController {/user/:user_id}:[39m[38;5;3m +2ms[39m
[32m[Nest] 225935   - [39m01/11/2022, 9:11:01 AM   [38;5;3m[RouterExplorer] [39m[32mMapped {/user/:user_id, GET} route[39m[38;5;3m +2ms[39m
[32m[Nest] 225935   - [39m01/11/2022, 9:11:01 AM   [38;5;3m[RouterExplorer] [39m[32mMapped {/user/:user_id/liked_musics, GET} route[39m[38;5;3m +2ms[39m
[32m[Nest] 225935   - [39m01/11/2022, 9:11:01 AM   [38;5;3m[RouterExplorer] [39m[32mMapped {/user/:user_id/liked_albums, GET} route[39m[38;5;3m +0ms[39m
[32m[Nest] 225935   - [39m01/11/2022, 9:11:01 AM   [38;5;3m[RouterExplorer] [39m[32mMapped {/user/:user_id/comment, GET} route[39m[38;5;3m +1ms[39m
[32m[Nest] 225935   - [39m01/11/2022, 9:11:01 AM   [38;5;3m[RouterExplorer] [39m[32mMapped {/user/:user_id, DELETE} route[39m[38;5;3m +4ms[39m
[32m[Nest] 225935   - [39m01/11/2022, 9:11:01 AM   [38;5;3m[RouterExplorer] [39m[32mMapped {/user/:user_id, PATCH} route[39m[38;5;3m +2ms[39m
[32m[Nest] 225935   - [39m01/11/2022, 9:11:01 AM   [38;5;3m[RouterExplorer] [39m[32mMapped {/user/:user_id/tester, GET} route[39m[38;5;3m +1ms[39m
[32m[Nest] 225935   - [39m01/11/2022, 9:11:01 AM   [38;5;3m[RouterExplorer] [39m[32mMapped {/user/:user_id/tester/proceed, GET} route[39m[38;5;3m +1ms[39m
[32m[Nest] 225935   - [39m01/11/2022, 9:11:01 AM   [38;5;3m[RouterExplorer] [39m[32mMapped {/user/:user_id/album, POST} route[39m[38;5;3m +1ms[39m
[32m[Nest] 225935   - [39m01/11/2022, 9:11:01 AM   [38;5;3m[RouterExplorer] [39m[32mMapped {/user/:user_id/album, GET} route[39m[38;5;3m +0ms[39m
[32m[Nest] 225935   - [39m01/11/2022, 9:11:01 AM   [38;5;3m[RouterExplorer] [39m[32mMapped {/user/:user_id/album/:album_id, GET} route[39m[38;5;3m +1ms[39m
[32m[Nest] 225935   - [39m01/11/2022, 9:11:01 AM   [38;5;3m[RouterExplorer] [39m[32mMapped {/user/:user_id/album/:album_id/:music_id, POST} route[39m[38;5;3m +1ms[39m
[32m[Nest] 225935   - [39m01/11/2022, 9:11:01 AM   [38;5;3m[RouterExplorer] [39m[32mMapped {/user/:user_id/album/:album_id, PATCH} route[39m[38;5;3m +0ms[39m
[32m[Nest] 225935   - [39m01/11/2022, 9:11:01 AM   [38;5;3m[RouterExplorer] [39m[32mMapped {/user/:user_id/album/:album_id, DELETE} route[39m[38;5;3m +2ms[39m
[32m[Nest] 225935   - [39m01/11/2022, 9:11:01 AM   [38;5;3m[RouterExplorer] [39m[32mMapped {/user/:user_id/album/:album_id/:music_id, DELETE} route[39m[38;5;3m +2ms[39m
[32m[Nest] 225935   - [39m01/11/2022, 9:11:01 AM   [38;5;3m[RouterExplorer] [39m[32mMapped {/user/:user_id/social, GET} route[39m[38;5;3m +2ms[39m
[32m[Nest] 225935   - [39m01/11/2022, 9:11:01 AM   [38;5;3m[RouterExplorer] [39m[32mMapped {/user/:user_id/social2, GET} route[39m[38;5;3m +1ms[39m
[32m[Nest] 225935   - [39m01/11/2022, 9:11:01 AM   [38;5;3m[RouterExplorer] [39m[32mMapped {/user/:user_id/:user_id/follow, PUT} route[39m[38;5;3m +2ms[39m
[32m[Nest] 225935   - [39m01/11/2022, 9:11:01 AM   [38;5;3m[RouterExplorer] [39m[32mMapped {/user/:user_id/:user_id/follow, DELETE} route[39m[38;5;3m +1ms[39m
[32m[Nest] 225935   - [39m01/11/2022, 9:11:01 AM   [38;5;3m[RoutesResolver] [39m[32mMusicController {/music}:[39m[38;5;3m +0ms[39m
[32m[Nest] 225935   - [39m01/11/2022, 9:11:01 AM   [38;5;3m[RouterExplorer] [39m[32mMapped {/music/:music_id, GET} route[39m[38;5;3m +1ms[39m
[32m[Nest] 225935   - [39m01/11/2022, 9:11:01 AM   [38;5;3m[RouterExplorer] [39m[32mMapped {/music/artist/:artist_id, GET} route[39m[38;5;3m +2ms[39m
[32m[Nest] 225935   - [39m01/11/2022, 9:11:01 AM   [38;5;3m[RouterExplorer] [39m[32mMapped {/music/:music_id, PATCH} route[39m[38;5;3m +2ms[39m
[32m[Nest] 225935   - [39m01/11/2022, 9:11:01 AM   [38;5;3m[RouterExplorer] [39m[32mMapped {/music/:music_id/like, PUT} route[39m[38;5;3m +1ms[39m
[32m[Nest] 225935   - [39m01/11/2022, 9:11:01 AM   [38;5;3m[RouterExplorer] [39m[32mMapped {/music/:music_id/like, DELETE} route[39m[38;5;3m +2ms[39m
[32m[Nest] 225935   - [39m01/11/2022, 9:11:01 AM   [38;5;3m[RouterExplorer] [39m[32mMapped {/music/:music_id/comment, GET} route[39m[38;5;3m +1ms[39m
[32m[Nest] 225935   - [39m01/11/2022, 9:11:01 AM   [38;5;3m[RouterExplorer] [39m[32mMapped {/music/:music_id/comment, POST} route[39m[38;5;3m +1ms[39m
[32m[Nest] 225935   - [39m01/11/2022, 9:11:01 AM   [38;5;3m[RouterExplorer] [39m[32mMapped {/music/:music_id/comment/:comment_id, DELETE} route[39m[38;5;3m +0ms[39m
[32m[Nest] 225935   - [39m01/11/2022, 9:11:01 AM   [38;5;3m[RouterExplorer] [39m[32mMapped {/music/:music_id/comment/:comment_id, PATCH} route[39m[38;5;3m +2ms[39m
[32m[Nest] 225935   - [39m01/11/2022, 9:11:01 AM   [38;5;3m[RouterExplorer] [39m[32mMapped {/music/:music_id/comment/:comment_id/like, PUT} route[39m[38;5;3m +1ms[39m
[32m[Nest] 225935   - [39m01/11/2022, 9:11:01 AM   [38;5;3m[RouterExplorer] [39m[32mMapped {/music/:music_id/comment/:comment_id/like, DELETE} route[39m[38;5;3m +2ms[39m
[32m[Nest] 225935   - [39m01/11/2022, 9:11:01 AM   [38;5;3m[RouterExplorer] [39m[32mMapped {/music/:music_id/tag, GET} route[39m[38;5;3m +0ms[39m
[32m[Nest] 225935   - [39m01/11/2022, 9:11:01 AM   [38;5;3m[RouterExplorer] [39m[32mMapped {/music/:music_id/tag, PUT} route[39m[38;5;3m +1ms[39m
[32m[Nest] 225935   - [39m01/11/2022, 9:11:01 AM   [38;5;3m[RouterExplorer] [39m[32mMapped {/music/:music_id/users, GET} route[39m[38;5;3m +1ms[39m
[32m[Nest] 225935   - [39m01/11/2022, 9:11:01 AM   [38;5;3m[RoutesResolver] [39m[32mAuthController {/auth}:[39m[38;5;3m +2ms[39m
[32m[Nest] 225935   - [39m01/11/2022, 9:11:01 AM   [38;5;3m[RouterExplorer] [39m[32mMapped {/auth/login, POST} route[39m[38;5;3m +2ms[39m
[32m[Nest] 225935   - [39m01/11/2022, 9:11:01 AM   [38;5;3m[RouterExplorer] [39m[32mMapped {/auth/register, POST} route[39m[38;5;3m +1ms[39m
[32m[Nest] 225935   - [39m01/11/2022, 9:11:01 AM   [38;5;3m[RouterExplorer] [39m[32mMapped {/auth/verify_email, POST} route[39m[38;5;3m +6ms[39m
[32m[Nest] 225935   - [39m01/11/2022, 9:11:01 AM   [38;5;3m[RouterExplorer] [39m[32mMapped {/auth/reset_password, PATCH} route[39m[38;5;3m +1ms[39m
[32m[Nest] 225935   - [39m01/11/2022, 9:11:01 AM   [38;5;3m[RoutesResolver] [39m[32mBeatController {/beat}:[39m[38;5;3m +0ms[39m
[32m[Nest] 225935   - [39m01/11/2022, 9:11:01 AM   [38;5;3m[RouterExplorer] [39m[32mMapped {/beat, POST} route[39m[38;5;3m +1ms[39m
[32m[Nest] 225935   - [39m01/11/2022, 9:11:01 AM   [38;5;3m[RouterExplorer] [39m[32mMapped {/beat/:id, GET} route[39m[38;5;3m +1ms[39m
[32m[Nest] 225935   - [39m01/11/2022, 9:11:01 AM   [38;5;3m[RouterExplorer] [39m[32mMapped {/beat/:id, PATCH} route[39m[38;5;3m +0ms[39m
[32m[Nest] 225935   - [39m01/11/2022, 9:11:01 AM   [38;5;3m[RouterExplorer] [39m[32mMapped {/beat/:id/like, PUT} route[39m[38;5;3m +2ms[39m
[32m[Nest] 225935   - [39m01/11/2022, 9:11:01 AM   [38;5;3m[RouterExplorer] [39m[32mMapped {/beat/:id/like, DELETE} route[39m[38;5;3m +1ms[39m
[32m[Nest] 225935   - [39m01/11/2022, 9:11:01 AM   [38;5;3m[RouterExplorer] [39m[32mMapped {/beat/:id/comment, GET} route[39m[38;5;3m +0ms[39m
[32m[Nest] 225935   - [39m01/11/2022, 9:11:01 AM   [38;5;3m[RouterExplorer] [39m[32mMapped {/beat/:id/comment, POST} route[39m[38;5;3m +1ms[39m
[32m[Nest] 225935   - [39m01/11/2022, 9:11:01 AM   [38;5;3m[RouterExplorer] [39m[32mMapped {/beat/:id/comment/:comment_id, DELETE} route[39m[38;5;3m +0ms[39m
[32m[Nest] 225935   - [39m01/11/2022, 9:11:01 AM   [38;5;3m[RouterExplorer] [39m[32mMapped {/beat/:id/comment/:comment_id, PATCH} route[39m[38;5;3m +1ms[39m
[32m[Nest] 225935   - [39m01/11/2022, 9:11:01 AM   [38;5;3m[RouterExplorer] [39m[32mMapped {/beat/:id/comment/:comment_id/like, PUT} route[39m[38;5;3m +0ms[39m
[32m[Nest] 225935   - [39m01/11/2022, 9:11:01 AM   [38;5;3m[RouterExplorer] [39m[32mMapped {/beat/:id/comment/:comment_id/like, DELETE} route[39m[38;5;3m +1ms[39m
[32m[Nest] 225935   - [39m01/11/2022, 9:11:01 AM   [38;5;3m[RouterExplorer] [39m[32mMapped {/beat/:id/tag, GET} route[39m[38;5;3m +0ms[39m
[32m[Nest] 225935   - [39m01/11/2022, 9:11:01 AM   [38;5;3m[RouterExplorer] [39m[32mMapped {/beat/:id/tag, PUT} route[39m[38;5;3m +1ms[39m
[32m[Nest] 225935   - [39m01/11/2022, 9:11:01 AM   [38;5;3m[RoutesResolver] [39m[32mSearchController {/search}:[39m[38;5;3m +0ms[39m
[32m[Nest] 225935   - [39m01/11/2022, 9:11:01 AM   [38;5;3m[RouterExplorer] [39m[32mMapped {/search/music/tag, GET} route[39m[38;5;3m +1ms[39m
[32m[Nest] 225935   - [39m01/11/2022, 9:11:01 AM   [38;5;3m[RouterExplorer] [39m[32mMapped {/search/beat/tag, GET} route[39m[38;5;3m +0ms[39m
[32m[Nest] 225935   - [39m01/11/2022, 9:11:01 AM   [38;5;3m[RouterExplorer] [39m[32mMapped {/search, GET} route[39m[38;5;3m +1ms[39m
[32m[Nest] 225935   - [39m01/11/2022, 9:11:01 AM   [38;5;3m[RoutesResolver] [39m[32mHelpController {/help}:[39m[38;5;3m +0ms[39m
[32m[Nest] 225935   - [39m01/11/2022, 9:11:01 AM   [38;5;3m[RouterExplorer] [39m[32mMapped {/help, GET} route[39m[38;5;3m +1ms[39m
[32m[Nest] 225935   - [39m01/11/2022, 9:11:01 AM   [38;5;3m[RouterExplorer] [39m[32mMapped {/help, POST} route[39m[38;5;3m +1ms[39m
[32m[Nest] 225935   - [39m01/11/2022, 9:11:01 AM   [38;5;3m[RoutesResolver] [39m[32mNoticeController {/notice}:[39m[38;5;3m +0ms[39m
[32m[Nest] 225935   - [39m01/11/2022, 9:11:01 AM   [38;5;3m[RouterExplorer] [39m[32mMapped {/notice, GET} route[39m[38;5;3m +1ms[39m
[32m[Nest] 225935   - [39m01/11/2022, 9:11:01 AM   [38;5;3m[RouterExplorer] [39m[32mMapped {/notice, POST} route[39m[38;5;3m +0ms[39m
[32m[Nest] 225935   - [39m01/11/2022, 9:11:01 AM   [38;5;3m[NestApplication] [39m[32mNest application successfully started[39m[38;5;3m +6ms[39m
Terminated
yarn run v1.22.17
$ export NODE_ENV=develop && nest start --watch
c[[90m9:11:07 AM[0m] Starting compilation in watch mode...

[[90m9:11:13 AM[0m] Found 0 errors. Watching for file changes.

[32m[Nest] 225990   - [39m01/11/2022, 9:11:14 AM   [38;5;3m[NestFactory] [39m[32mStarting Nest application...[39m
[32m[Nest] 225990   - [39m01/11/2022, 9:11:14 AM   [38;5;3m[InstanceLoader] [39m[32mTypeOrmModule dependencies initialized[39m[38;5;3m +69ms[39m
[32m[Nest] 225990   - [39m01/11/2022, 9:11:14 AM   [38;5;3m[InstanceLoader] [39m[32mPassportModule dependencies initialized[39m[38;5;3m +1ms[39m
[32m[Nest] 225990   - [39m01/11/2022, 9:11:14 AM   [38;5;3m[InstanceLoader] [39m[32mConfigHostModule dependencies initialized[39m[38;5;3m +1ms[39m
[32m[Nest] 225990   - [39m01/11/2022, 9:11:14 AM   [38;5;3m[InstanceLoader] [39m[32mConfigModule dependencies initialized[39m[38;5;3m +0ms[39m
[32m[Nest] 225990   - [39m01/11/2022, 9:11:14 AM   [38;5;3m[InstanceLoader] [39m[32mConfigModule dependencies initialized[39m[38;5;3m +1ms[39m
[32m[Nest] 225990   - [39m01/11/2022, 9:11:15 AM   [38;5;3m[InstanceLoader] [39m[32mJwtModule dependencies initialized[39m[38;5;3m +62ms[39m
query: SELECT * FROM `INFORMATION_SCHEMA`.`COLUMNS` WHERE `TABLE_SCHEMA` = 'favi_test' AND `TABLE_NAME` = 'migrations'
query: SELECT * FROM `INFORMATION_SCHEMA`.`COLUMNS` WHERE `TABLE_SCHEMA` = 'favi_test' AND `TABLE_NAME` = 'typeorm_metadata'
query: SELECT * FROM `favi_test`.`migrations` `migrations` ORDER BY `id` DESC
[32m[Nest] 225990   - [39m01/11/2022, 9:11:15 AM   [38;5;3m[InstanceLoader] [39m[32mTypeOrmCoreModule dependencies initialized[39m[38;5;3m +174ms[39m
[32m[Nest] 225990   - [39m01/11/2022, 9:11:15 AM   [38;5;3m[InstanceLoader] [39m[32mTypeOrmModule dependencies initialized[39m[38;5;3m +0ms[39m
[32m[Nest] 225990   - [39m01/11/2022, 9:11:15 AM   [38;5;3m[InstanceLoader] [39m[32mTypeOrmModule dependencies initialized[39m[38;5;3m +1ms[39m
[32m[Nest] 225990   - [39m01/11/2022, 9:11:15 AM   [38;5;3m[InstanceLoader] [39m[32mTypeOrmModule dependencies initialized[39m[38;5;3m +0ms[39m
[32m[Nest] 225990   - [39m01/11/2022, 9:11:15 AM   [38;5;3m[InstanceLoader] [39m[32mTypeOrmModule dependencies initialized[39m[38;5;3m +0ms[39m
[32m[Nest] 225990   - [39m01/11/2022, 9:11:15 AM   [38;5;3m[InstanceLoader] [39m[32mTypeOrmModule dependencies initialized[39m[38;5;3m +1ms[39m
[32m[Nest] 225990   - [39m01/11/2022, 9:11:15 AM   [38;5;3m[InstanceLoader] [39m[32mNoticeModule dependencies initialized[39m[38;5;3m +4ms[39m
[32m[Nest] 225990   - [39m01/11/2022, 9:11:15 AM   [38;5;3m[InstanceLoader] [39m[32mSearchModule dependencies initialized[39m[38;5;3m +1ms[39m
[32m[Nest] 225990   - [39m01/11/2022, 9:11:15 AM   [38;5;3m[InstanceLoader] [39m[32mHelpModule dependencies initialized[39m[38;5;3m +5ms[39m
[32m[Nest] 225990   - [39m01/11/2022, 9:11:15 AM   [38;5;3m[InstanceLoader] [39m[32mMusicModule dependencies initialized[39m[38;5;3m +1ms[39m
[32m[Nest] 225990   - [39m01/11/2022, 9:11:15 AM   [38;5;3m[InstanceLoader] [39m[32mBeatModule dependencies initialized[39m[38;5;3m +0ms[39m
[32m[Nest] 225990   - [39m01/11/2022, 9:11:15 AM   [38;5;3m[InstanceLoader] [39m[32mUserModule dependencies initialized[39m[38;5;3m +1ms[39m
[32m[Nest] 225990   - [39m01/11/2022, 9:11:15 AM   [38;5;3m[InstanceLoader] [39m[32mAppModule dependencies initialized[39m[38;5;3m +0ms[39m
[32m[Nest] 225990   - [39m01/11/2022, 9:11:15 AM   [38;5;3m[InstanceLoader] [39m[32mAuthModule dependencies initialized[39m[38;5;3m +1ms[39m
[32m[Nest] 225990   - [39m01/11/2022, 9:11:15 AM   [38;5;3m[RoutesResolver] [39m[32mSearchController {/search}:[39m[38;5;3m +497ms[39m
[32m[Nest] 225990   - [39m01/11/2022, 9:11:15 AM   [38;5;3m[RouterExplorer] [39m[32mMapped {/search/music/tag, GET} route[39m[38;5;3m +4ms[39m
[32m[Nest] 225990   - [39m01/11/2022, 9:11:15 AM   [38;5;3m[RouterExplorer] [39m[32mMapped {/search/beat/tag, GET} route[39m[38;5;3m +0ms[39m
[32m[Nest] 225990   - [39m01/11/2022, 9:11:15 AM   [38;5;3m[RouterExplorer] [39m[32mMapped {/search, GET} route[39m[38;5;3m +1ms[39m
[32m[Nest] 225990   - [39m01/11/2022, 9:11:15 AM   [38;5;3m[RoutesResolver] [39m[32mHelpController {/help}:[39m[38;5;3m +1ms[39m
[32m[Nest] 225990   - [39m01/11/2022, 9:11:15 AM   [38;5;3m[RouterExplorer] [39m[32mMapped {/help, GET} route[39m[38;5;3m +0ms[39m
[32m[Nest] 225990   - [39m01/11/2022, 9:11:15 AM   [38;5;3m[RouterExplorer] [39m[32mMapped {/help, POST} route[39m[38;5;3m +1ms[39m
[32m[Nest] 225990   - [39m01/11/2022, 9:11:15 AM   [38;5;3m[RoutesResolver] [39m[32mNoticeController {/notice}:[39m[38;5;3m +0ms[39m
[32m[Nest] 225990   - [39m01/11/2022, 9:11:15 AM   [38;5;3m[RouterExplorer] [39m[32mMapped {/notice, GET} route[39m[38;5;3m +1ms[39m
[32m[Nest] 225990   - [39m01/11/2022, 9:11:15 AM   [38;5;3m[RouterExplorer] [39m[32mMapped {/notice, POST} route[39m[38;5;3m +1ms[39m
[32m[Nest] 225990   - [39m01/11/2022, 9:11:15 AM   [38;5;3m[RoutesResolver] [39m[32mUserController {/user/:user_id}:[39m[38;5;3m +0ms[39m
[32m[Nest] 225990   - [39m01/11/2022, 9:11:15 AM   [38;5;3m[RouterExplorer] [39m[32mMapped {/user/:user_id, GET} route[39m[38;5;3m +1ms[39m
[32m[Nest] 225990   - [39m01/11/2022, 9:11:15 AM   [38;5;3m[RouterExplorer] [39m[32mMapped {/user/:user_id/liked_musics, GET} route[39m[38;5;3m +5ms[39m
[32m[Nest] 225990   - [39m01/11/2022, 9:11:15 AM   [38;5;3m[RouterExplorer] [39m[32mMapped {/user/:user_id/liked_albums, GET} route[39m[38;5;3m +1ms[39m
[32m[Nest] 225990   - [39m01/11/2022, 9:11:15 AM   [38;5;3m[RouterExplorer] [39m[32mMapped {/user/:user_id/comment, GET} route[39m[38;5;3m +1ms[39m
[32m[Nest] 225990   - [39m01/11/2022, 9:11:15 AM   [38;5;3m[RouterExplorer] [39m[32mMapped {/user/:user_id, DELETE} route[39m[38;5;3m +0ms[39m
[32m[Nest] 225990   - [39m01/11/2022, 9:11:15 AM   [38;5;3m[RouterExplorer] [39m[32mMapped {/user/:user_id, PATCH} route[39m[38;5;3m +1ms[39m
[32m[Nest] 225990   - [39m01/11/2022, 9:11:15 AM   [38;5;3m[RouterExplorer] [39m[32mMapped {/user/:user_id/tester, GET} route[39m[38;5;3m +0ms[39m
[32m[Nest] 225990   - [39m01/11/2022, 9:11:15 AM   [38;5;3m[RouterExplorer] [39m[32mMapped {/user/:user_id/tester/proceed, GET} route[39m[38;5;3m +1ms[39m
[32m[Nest] 225990   - [39m01/11/2022, 9:11:15 AM   [38;5;3m[RouterExplorer] [39m[32mMapped {/user/:user_id/album, POST} route[39m[38;5;3m +0ms[39m
[32m[Nest] 225990   - [39m01/11/2022, 9:11:15 AM   [38;5;3m[RouterExplorer] [39m[32mMapped {/user/:user_id/album, GET} route[39m[38;5;3m +1ms[39m
[32m[Nest] 225990   - [39m01/11/2022, 9:11:15 AM   [38;5;3m[RouterExplorer] [39m[32mMapped {/user/:user_id/album/:album_id, GET} route[39m[38;5;3m +0ms[39m
[32m[Nest] 225990   - [39m01/11/2022, 9:11:15 AM   [38;5;3m[RouterExplorer] [39m[32mMapped {/user/:user_id/album/:album_id/:music_id, POST} route[39m[38;5;3m +1ms[39m
[32m[Nest] 225990   - [39m01/11/2022, 9:11:15 AM   [38;5;3m[RouterExplorer] [39m[32mMapped {/user/:user_id/album/:album_id, PATCH} route[39m[38;5;3m +0ms[39m
[32m[Nest] 225990   - [39m01/11/2022, 9:11:15 AM   [38;5;3m[RouterExplorer] [39m[32mMapped {/user/:user_id/album/:album_id, DELETE} route[39m[38;5;3m +1ms[39m
[32m[Nest] 225990   - [39m01/11/2022, 9:11:15 AM   [38;5;3m[RouterExplorer] [39m[32mMapped {/user/:user_id/album/:album_id/:music_id, DELETE} route[39m[38;5;3m +0ms[39m
[32m[Nest] 225990   - [39m01/11/2022, 9:11:15 AM   [38;5;3m[RouterExplorer] [39m[32mMapped {/user/:user_id/social, GET} route[39m[38;5;3m +1ms[39m
[32m[Nest] 225990   - [39m01/11/2022, 9:11:15 AM   [38;5;3m[RouterExplorer] [39m[32mMapped {/user/:user_id/social2, GET} route[39m[38;5;3m +0ms[39m
[32m[Nest] 225990   - [39m01/11/2022, 9:11:15 AM   [38;5;3m[RouterExplorer] [39m[32mMapped {/user/:user_id/:user_id/follow, PUT} route[39m[38;5;3m +1ms[39m
[32m[Nest] 225990   - [39m01/11/2022, 9:11:15 AM   [38;5;3m[RouterExplorer] [39m[32mMapped {/user/:user_id/:user_id/follow, DELETE} route[39m[38;5;3m +0ms[39m
[32m[Nest] 225990   - [39m01/11/2022, 9:11:15 AM   [38;5;3m[RoutesResolver] [39m[32mMusicController {/music}:[39m[38;5;3m +0ms[39m
[32m[Nest] 225990   - [39m01/11/2022, 9:11:15 AM   [38;5;3m[RouterExplorer] [39m[32mMapped {/music/:music_id, GET} route[39m[38;5;3m +1ms[39m
[32m[Nest] 225990   - [39m01/11/2022, 9:11:15 AM   [38;5;3m[RouterExplorer] [39m[32mMapped {/music/artist/:artist_id, GET} route[39m[38;5;3m +0ms[39m
[32m[Nest] 225990   - [39m01/11/2022, 9:11:15 AM   [38;5;3m[RouterExplorer] [39m[32mMapped {/music/:music_id, PATCH} route[39m[38;5;3m +1ms[39m
[32m[Nest] 225990   - [39m01/11/2022, 9:11:15 AM   [38;5;3m[RouterExplorer] [39m[32mMapped {/music/:music_id/like, PUT} route[39m[38;5;3m +0ms[39m
[32m[Nest] 225990   - [39m01/11/2022, 9:11:15 AM   [38;5;3m[RouterExplorer] [39m[32mMapped {/music/:music_id/like, DELETE} route[39m[38;5;3m +1ms[39m
[32m[Nest] 225990   - [39m01/11/2022, 9:11:15 AM   [38;5;3m[RouterExplorer] [39m[32mMapped {/music/:music_id/comment, GET} route[39m[38;5;3m +0ms[39m
[32m[Nest] 225990   - [39m01/11/2022, 9:11:15 AM   [38;5;3m[RouterExplorer] [39m[32mMapped {/music/:music_id/comment, POST} route[39m[38;5;3m +0ms[39m
[32m[Nest] 225990   - [39m01/11/2022, 9:11:15 AM   [38;5;3m[RouterExplorer] [39m[32mMapped {/music/:music_id/comment/:comment_id, DELETE} route[39m[38;5;3m +1ms[39m
[32m[Nest] 225990   - [39m01/11/2022, 9:11:15 AM   [38;5;3m[RouterExplorer] [39m[32mMapped {/music/:music_id/comment/:comment_id, PATCH} route[39m[38;5;3m +0ms[39m
[32m[Nest] 225990   - [39m01/11/2022, 9:11:15 AM   [38;5;3m[RouterExplorer] [39m[32mMapped {/music/:music_id/comment/:comment_id/like, PUT} route[39m[38;5;3m +1ms[39m
[32m[Nest] 225990   - [39m01/11/2022, 9:11:15 AM   [38;5;3m[RouterExplorer] [39m[32mMapped {/music/:music_id/comment/:comment_id/like, DELETE} route[39m[38;5;3m +0ms[39m
[32m[Nest] 225990   - [39m01/11/2022, 9:11:15 AM   [38;5;3m[RouterExplorer] [39m[32mMapped {/music/:music_id/tag, GET} route[39m[38;5;3m +1ms[39m
[32m[Nest] 225990   - [39m01/11/2022, 9:11:15 AM   [38;5;3m[RouterExplorer] [39m[32mMapped {/music/:music_id/tag, PUT} route[39m[38;5;3m +0ms[39m
[32m[Nest] 225990   - [39m01/11/2022, 9:11:15 AM   [38;5;3m[RouterExplorer] [39m[32mMapped {/music/:music_id/users, GET} route[39m[38;5;3m +1ms[39m
[32m[Nest] 225990   - [39m01/11/2022, 9:11:15 AM   [38;5;3m[RoutesResolver] [39m[32mAuthController {/auth}:[39m[38;5;3m +0ms[39m
[32m[Nest] 225990   - [39m01/11/2022, 9:11:15 AM   [38;5;3m[RouterExplorer] [39m[32mMapped {/auth/login, POST} route[39m[38;5;3m +0ms[39m
[32m[Nest] 225990   - [39m01/11/2022, 9:11:15 AM   [38;5;3m[RouterExplorer] [39m[32mMapped {/auth/register, POST} route[39m[38;5;3m +1ms[39m
[32m[Nest] 225990   - [39m01/11/2022, 9:11:15 AM   [38;5;3m[RouterExplorer] [39m[32mMapped {/auth/verify_email, POST} route[39m[38;5;3m +0ms[39m
[32m[Nest] 225990   - [39m01/11/2022, 9:11:15 AM   [38;5;3m[RouterExplorer] [39m[32mMapped {/auth/reset_password, PATCH} route[39m[38;5;3m +1ms[39m
[32m[Nest] 225990   - [39m01/11/2022, 9:11:15 AM   [38;5;3m[RoutesResolver] [39m[32mBeatController {/beat}:[39m[38;5;3m +0ms[39m
[32m[Nest] 225990   - [39m01/11/2022, 9:11:15 AM   [38;5;3m[RouterExplorer] [39m[32mMapped {/beat, POST} route[39m[38;5;3m +1ms[39m
[32m[Nest] 225990   - [39m01/11/2022, 9:11:15 AM   [38;5;3m[RouterExplorer] [39m[32mMapped {/beat/:id, GET} route[39m[38;5;3m +0ms[39m
[32m[Nest] 225990   - [39m01/11/2022, 9:11:15 AM   [38;5;3m[RouterExplorer] [39m[32mMapped {/beat/:id, PATCH} route[39m[38;5;3m +0ms[39m
[32m[Nest] 225990   - [39m01/11/2022, 9:11:15 AM   [38;5;3m[RouterExplorer] [39m[32mMapped {/beat/:id/like, PUT} route[39m[38;5;3m +1ms[39m
[32m[Nest] 225990   - [39m01/11/2022, 9:11:15 AM   [38;5;3m[RouterExplorer] [39m[32mMapped {/beat/:id/like, DELETE} route[39m[38;5;3m +0ms[39m
[32m[Nest] 225990   - [39m01/11/2022, 9:11:15 AM   [38;5;3m[RouterExplorer] [39m[32mMapped {/beat/:id/comment, GET} route[39m[38;5;3m +1ms[39m
[32m[Nest] 225990   - [39m01/11/2022, 9:11:15 AM   [38;5;3m[RouterExplorer] [39m[32mMapped {/beat/:id/comment, POST} route[39m[38;5;3m +0ms[39m
[32m[Nest] 225990   - [39m01/11/2022, 9:11:15 AM   [38;5;3m[RouterExplorer] [39m[32mMapped {/beat/:id/comment/:comment_id, DELETE} route[39m[38;5;3m +1ms[39m
[32m[Nest] 225990   - [39m01/11/2022, 9:11:15 AM   [38;5;3m[RouterExplorer] [39m[32mMapped {/beat/:id/comment/:comment_id, PATCH} route[39m[38;5;3m +0ms[39m
[32m[Nest] 225990   - [39m01/11/2022, 9:11:15 AM   [38;5;3m[RouterExplorer] [39m[32mMapped {/beat/:id/comment/:comment_id/like, PUT} route[39m[38;5;3m +0ms[39m
[32m[Nest] 225990   - [39m01/11/2022, 9:11:15 AM   [38;5;3m[RouterExplorer] [39m[32mMapped {/beat/:id/comment/:comment_id/like, DELETE} route[39m[38;5;3m +1ms[39m
[32m[Nest] 225990   - [39m01/11/2022, 9:11:15 AM   [38;5;3m[RouterExplorer] [39m[32mMapped {/beat/:id/tag, GET} route[39m[38;5;3m +0ms[39m
[32m[Nest] 225990   - [39m01/11/2022, 9:11:15 AM   [38;5;3m[RouterExplorer] [39m[32mMapped {/beat/:id/tag, PUT} route[39m[38;5;3m +1ms[39m
[32m[Nest] 225990   - [39m01/11/2022, 9:11:15 AM   [38;5;3m[RoutesResolver] [39m[32mSearchController {/search}:[39m[38;5;3m +0ms[39m
[32m[Nest] 225990   - [39m01/11/2022, 9:11:15 AM   [38;5;3m[RouterExplorer] [39m[32mMapped {/search/music/tag, GET} route[39m[38;5;3m +1ms[39m
[32m[Nest] 225990   - [39m01/11/2022, 9:11:15 AM   [38;5;3m[RouterExplorer] [39m[32mMapped {/search/beat/tag, GET} route[39m[38;5;3m +0ms[39m
[32m[Nest] 225990   - [39m01/11/2022, 9:11:15 AM   [38;5;3m[RouterExplorer] [39m[32mMapped {/search, GET} route[39m[38;5;3m +0ms[39m
[32m[Nest] 225990   - [39m01/11/2022, 9:11:15 AM   [38;5;3m[RoutesResolver] [39m[32mHelpController {/help}:[39m[38;5;3m +1ms[39m
[32m[Nest] 225990   - [39m01/11/2022, 9:11:15 AM   [38;5;3m[RouterExplorer] [39m[32mMapped {/help, GET} route[39m[38;5;3m +0ms[39m
[32m[Nest] 225990   - [39m01/11/2022, 9:11:15 AM   [38;5;3m[RouterExplorer] [39m[32mMapped {/help, POST} route[39m[38;5;3m +1ms[39m
[32m[Nest] 225990   - [39m01/11/2022, 9:11:15 AM   [38;5;3m[RoutesResolver] [39m[32mNoticeController {/notice}:[39m[38;5;3m +0ms[39m
[32m[Nest] 225990   - [39m01/11/2022, 9:11:15 AM   [38;5;3m[RouterExplorer] [39m[32mMapped {/notice, GET} route[39m[38;5;3m +1ms[39m
[32m[Nest] 225990   - [39m01/11/2022, 9:11:15 AM   [38;5;3m[RouterExplorer] [39m[32mMapped {/notice, POST} route[39m[38;5;3m +0ms[39m
[32m[Nest] 225990   - [39m01/11/2022, 9:11:15 AM   [38;5;3m[NestApplication] [39m[32mNest application successfully started[39m[38;5;3m +5ms[39m
